build/app/intermediates/manifest_merge_blame_file/debug/manifest-merger-blame-debug-report.txt
1<?xml version="1.0" encoding="utf-8"?>
2<manifest xmlns:android="http://schemas.android.com/apk/res/android"
3    package="com.android.cr_helper"
4    android:versionCode="1"
5    android:versionName="1.0.0" >
6
7    <uses-sdk
8        android:minSdkVersion="21"
9        android:targetSdkVersion="30" />
10    <!--
11         Flutter needs it to communicate with the running application
12         to allow setting breakpoints, to provide hot reload, etc.
13    -->
14    <uses-permission android:name="android.permission.INTERNET" />
14-->src\debug\AndroidManifest.xml:6:5-66
14-->src\debug\AndroidManifest.xml:6:22-64
15    <uses-permission android:name="android.permission.RECEIVE_BOOT_COMPLETED" />
15-->[:flutter_local_notifications] AndroidManifest.xml:7:5-81
15-->[:flutter_local_notifications] AndroidManifest.xml:7:22-78
16    <uses-permission android:name="android.permission.VIBRATE" />
16-->[:flutter_local_notifications] AndroidManifest.xml:8:5-66
16-->[:flutter_local_notifications] AndroidManifest.xml:8:22-63
17    <uses-permission android:name="android.permission.USE_FULL_SCREEN_INTENT" />
17-->[:flutter_local_notifications] AndroidManifest.xml:9:5-81
17-->[:flutter_local_notifications] AndroidManifest.xml:9:22-78
18    <uses-permission android:name="android.permission.ACCESS_NETWORK_STATE" />
18-->[com.google.firebase:firebase-auth:21.0.1] AndroidManifest.xml:24:5-79
18-->[com.google.firebase:firebase-auth:21.0.1] AndroidManifest.xml:24:22-76
19
20    <application
20-->src\main\AndroidManifest.xml:3:4-40:19
21        android:appComponentFactory="androidx.core.app.CoreComponentFactory"
21-->[androidx.core:core:1.3.0] AndroidManifest.xml:24:18-86
22        android:debuggable="true"
23        android:icon="@mipmap/ic_launcher"
23-->src\main\AndroidManifest.xml:5:9-43
24        android:label="Cr Helper" >
24-->src\main\AndroidManifest.xml:4:9-34
25        <activity
25-->src\main\AndroidManifest.xml:6:9-34:20
26            android:name="com.android.cr_helper.MainActivity"
26-->src\main\AndroidManifest.xml:7:13-41
27            android:configChanges="orientation|keyboardHidden|keyboard|screenSize|smallestScreenSize|locale|layoutDirection|fontScale|screenLayout|density|uiMode"
27-->src\main\AndroidManifest.xml:10:13-163
28            android:hardwareAccelerated="true"
28-->src\main\AndroidManifest.xml:11:13-47
29            android:launchMode="singleTop"
29-->src\main\AndroidManifest.xml:8:13-43
30            android:theme="@style/LaunchTheme"
30-->src\main\AndroidManifest.xml:9:13-47
31            android:windowSoftInputMode="adjustResize" >
31-->src\main\AndroidManifest.xml:12:13-55
32
33            <!--
34                 Specifies an Android theme to apply to this Activity as soon as
35                 the Android process has started. This theme is visible to the user
36                 while the Flutter UI initializes. After that, this theme continues
37                 to determine the Window background behind the Flutter UI.
38            -->
39            <meta-data
39-->src\main\AndroidManifest.xml:17:13-20:17
40                android:name="io.flutter.embedding.android.NormalTheme"
40-->src\main\AndroidManifest.xml:18:15-70
41                android:resource="@style/NormalTheme" />
41-->src\main\AndroidManifest.xml:19:15-52
42            <!--
43                 Displays an Android View that continues showing the launch screen
44                 Drawable until Flutter paints its first frame, then this splash
45                 screen fades out. A splash screen is useful to avoid any visual
46                 gap between the end of Android's launch screen and the painting of
47                 Flutter's first frame.
48            -->
49            <meta-data
49-->src\main\AndroidManifest.xml:26:13-29:17
50                android:name="io.flutter.embedding.android.SplashScreenDrawable"
50-->src\main\AndroidManifest.xml:27:15-79
51                android:resource="@drawable/launch_background" />
51-->src\main\AndroidManifest.xml:28:15-61
52
53            <intent-filter>
53-->src\main\AndroidManifest.xml:30:13-33:29
54                <action android:name="android.intent.action.MAIN" />
54-->src\main\AndroidManifest.xml:31:17-68
54-->src\main\AndroidManifest.xml:31:25-66
55
56                <category android:name="android.intent.category.LAUNCHER" />
56-->src\main\AndroidManifest.xml:32:17-76
56-->src\main\AndroidManifest.xml:32:27-74
57            </intent-filter>
58        </activity>
59        <!--
60             Don't delete the meta-data below.
61             This is used by the Flutter tool to generate GeneratedPluginRegistrant.java
62        -->
63        <meta-data
63-->src\main\AndroidManifest.xml:37:9-39:33
64            android:name="flutterEmbedding"
64-->src\main\AndroidManifest.xml:38:13-44
65            android:value="2" />
65-->src\main\AndroidManifest.xml:39:13-30
66
67        <service
67-->[:firebase_auth] AndroidManifest.xml:8:9-12:19
68            android:name="com.google.firebase.components.ComponentDiscoveryService"
68-->[:firebase_auth] AndroidManifest.xml:8:18-89
69            android:directBootAware="true"
69-->[com.google.firebase:firebase-common:20.0.0] AndroidManifest.xml:35:13-43
70            android:exported="false" >
70-->[com.google.firebase:firebase-auth:21.0.1] AndroidManifest.xml:76:13-37
71            <meta-data
71-->[:firebase_auth] AndroidManifest.xml:9:13-11:85
72                android:name="com.google.firebase.components:io.flutter.plugins.firebase.auth.FlutterFirebaseAuthRegistrar"
72-->[:firebase_auth] AndroidManifest.xml:10:17-124
73                android:value="com.google.firebase.components.ComponentRegistrar" />
73-->[:firebase_auth] AndroidManifest.xml:11:17-82
74            <meta-data
74-->[:cloud_firestore] AndroidManifest.xml:9:13-11:85
75                android:name="com.google.firebase.components:io.flutter.plugins.firebase.firestore.FlutterFirebaseFirestoreRegistrar"
75-->[:cloud_firestore] AndroidManifest.xml:10:17-134
76                android:value="com.google.firebase.components.ComponentRegistrar" />
76-->[:cloud_firestore] AndroidManifest.xml:11:17-82
77            <meta-data
77-->[:firebase_storage] AndroidManifest.xml:9:13-11:85
78                android:name="com.google.firebase.components:io.flutter.plugins.firebase.storage.FlutterFirebaseAppRegistrar"
78-->[:firebase_storage] AndroidManifest.xml:10:17-126
79                android:value="com.google.firebase.components.ComponentRegistrar" />
79-->[:firebase_storage] AndroidManifest.xml:11:17-82
80            <meta-data
80-->[:firebase_core] AndroidManifest.xml:9:13-11:85
81                android:name="com.google.firebase.components:io.flutter.plugins.firebase.core.FlutterFirebaseCoreRegistrar"
81-->[:firebase_core] AndroidManifest.xml:10:17-124
82                android:value="com.google.firebase.components.ComponentRegistrar" />
82-->[:firebase_core] AndroidManifest.xml:11:17-82
83            <meta-data
83-->[com.google.firebase:firebase-auth:21.0.1] AndroidManifest.xml:77:13-79:85
84                android:name="com.google.firebase.components:com.google.firebase.auth.FirebaseAuthRegistrar"
84-->[com.google.firebase:firebase-auth:21.0.1] AndroidManifest.xml:78:17-109
85                android:value="com.google.firebase.components.ComponentRegistrar" />
85-->[com.google.firebase:firebase-auth:21.0.1] AndroidManifest.xml:79:17-82
86            <meta-data
86-->[com.google.firebase:firebase-firestore:24.0.0] AndroidManifest.xml:20:13-22:85
87                android:name="com.google.firebase.components:com.google.firebase.firestore.FirestoreRegistrar"
87-->[com.google.firebase:firebase-firestore:24.0.0] AndroidManifest.xml:21:17-111
88                android:value="com.google.firebase.components.ComponentRegistrar" />
88-->[com.google.firebase:firebase-firestore:24.0.0] AndroidManifest.xml:22:17-82
89            <meta-data
89-->[com.google.firebase:firebase-storage:20.0.0] AndroidManifest.xml:33:13-35:85
90                android:name="com.google.firebase.components:com.google.firebase.storage.StorageRegistrar"
90-->[com.google.firebase:firebase-storage:20.0.0] AndroidManifest.xml:34:17-107
91                android:value="com.google.firebase.components.ComponentRegistrar" />
91-->[com.google.firebase:firebase-storage:20.0.0] AndroidManifest.xml:35:17-82
92        </service>
93
94        <receiver android:name="com.dexterous.flutterlocalnotifications.ScheduledNotificationReceiver" />
94-->[:flutter_local_notifications] AndroidManifest.xml:12:9-106
94-->[:flutter_local_notifications] AndroidManifest.xml:12:19-103
95        <receiver android:name="com.dexterous.flutterlocalnotifications.ScheduledNotificationBootReceiver" >
95-->[:flutter_local_notifications] AndroidManifest.xml:13:9-20:20
95-->[:flutter_local_notifications] AndroidManifest.xml:13:19-107
96            <intent-filter>
96-->[:flutter_local_notifications] AndroidManifest.xml:14:13-19:29
97                <action android:name="android.intent.action.BOOT_COMPLETED" />
97-->[:flutter_local_notifications] AndroidManifest.xml:15:17-79
97-->[:flutter_local_notifications] AndroidManifest.xml:15:25-76
98                <action android:name="android.intent.action.MY_PACKAGE_REPLACED" />
98-->[:flutter_local_notifications] AndroidManifest.xml:16:17-84
98-->[:flutter_local_notifications] AndroidManifest.xml:16:25-81
99                <action android:name="android.intent.action.QUICKBOOT_POWERON" />
99-->[:flutter_local_notifications] AndroidManifest.xml:17:17-82
99-->[:flutter_local_notifications] AndroidManifest.xml:17:25-79
100                <action android:name="com.htc.intent.action.QUICKBOOT_POWERON" />
100-->[:flutter_local_notifications] AndroidManifest.xml:18:17-82
100-->[:flutter_local_notifications] AndroidManifest.xml:18:25-79
101            </intent-filter>
102        </receiver>
103
104        <activity
104-->[com.google.firebase:firebase-auth:21.0.1] AndroidManifest.xml:27:9-44:20
105            android:name="com.google.firebase.auth.internal.GenericIdpActivity"
105-->[com.google.firebase:firebase-auth:21.0.1] AndroidManifest.xml:28:13-80
106            android:excludeFromRecents="true"
106-->[com.google.firebase:firebase-auth:21.0.1] AndroidManifest.xml:29:13-46
107            android:exported="true"
107-->[com.google.firebase:firebase-auth:21.0.1] AndroidManifest.xml:30:13-36
108            android:launchMode="singleTask"
108-->[com.google.firebase:firebase-auth:21.0.1] AndroidManifest.xml:31:13-44
109            android:theme="@android:style/Theme.Translucent.NoTitleBar" >
109-->[com.google.firebase:firebase-auth:21.0.1] AndroidManifest.xml:32:13-72
110            <intent-filter>
110-->[com.google.firebase:firebase-auth:21.0.1] AndroidManifest.xml:33:13-43:29
111                <action android:name="android.intent.action.VIEW" />
111-->[com.google.firebase:firebase-auth:21.0.1] AndroidManifest.xml:34:17-69
111-->[com.google.firebase:firebase-auth:21.0.1] AndroidManifest.xml:34:25-66
112
113                <category android:name="android.intent.category.DEFAULT" />
113-->[com.google.firebase:firebase-auth:21.0.1] AndroidManifest.xml:36:17-76
113-->[com.google.firebase:firebase-auth:21.0.1] AndroidManifest.xml:36:27-73
114                <category android:name="android.intent.category.BROWSABLE" />
114-->[com.google.firebase:firebase-auth:21.0.1] AndroidManifest.xml:37:17-78
114-->[com.google.firebase:firebase-auth:21.0.1] AndroidManifest.xml:37:27-75
115
116                <data
116-->[com.google.firebase:firebase-auth:21.0.1] AndroidManifest.xml:39:17-42:51
117                    android:host="firebase.auth"
117-->[com.google.firebase:firebase-auth:21.0.1] AndroidManifest.xml:40:21-49
118                    android:path="/"
118-->[com.google.firebase:firebase-auth:21.0.1] AndroidManifest.xml:41:21-37
119                    android:scheme="genericidp" />
119-->[com.google.firebase:firebase-auth:21.0.1] AndroidManifest.xml:42:21-48
120            </intent-filter>
121        </activity>
122        <activity
122-->[com.google.firebase:firebase-auth:21.0.1] AndroidManifest.xml:45:9-62:20
123            android:name="com.google.firebase.auth.internal.RecaptchaActivity"
123-->[com.google.firebase:firebase-auth:21.0.1] AndroidManifest.xml:46:13-79
124            android:excludeFromRecents="true"
124-->[com.google.firebase:firebase-auth:21.0.1] AndroidManifest.xml:47:13-46
125            android:exported="true"
125-->[com.google.firebase:firebase-auth:21.0.1] AndroidManifest.xml:48:13-36
126            android:launchMode="singleTask"
126-->[com.google.firebase:firebase-auth:21.0.1] AndroidManifest.xml:49:13-44
127            android:theme="@android:style/Theme.Translucent.NoTitleBar" >
127-->[com.google.firebase:firebase-auth:21.0.1] AndroidManifest.xml:50:13-72
128            <intent-filter>
128-->[com.google.firebase:firebase-auth:21.0.1] AndroidManifest.xml:51:13-61:29
129                <action android:name="android.intent.action.VIEW" />
129-->[com.google.firebase:firebase-auth:21.0.1] AndroidManifest.xml:34:17-69
129-->[com.google.firebase:firebase-auth:21.0.1] AndroidManifest.xml:34:25-66
130
131                <category android:name="android.intent.category.DEFAULT" />
131-->[com.google.firebase:firebase-auth:21.0.1] AndroidManifest.xml:36:17-76
131-->[com.google.firebase:firebase-auth:21.0.1] AndroidManifest.xml:36:27-73
132                <category android:name="android.intent.category.BROWSABLE" />
132-->[com.google.firebase:firebase-auth:21.0.1] AndroidManifest.xml:37:17-78
132-->[com.google.firebase:firebase-auth:21.0.1] AndroidManifest.xml:37:27-75
133
134                <data
134-->[com.google.firebase:firebase-auth:21.0.1] AndroidManifest.xml:39:17-42:51
135                    android:host="firebase.auth"
135-->[com.google.firebase:firebase-auth:21.0.1] AndroidManifest.xml:40:21-49
136                    android:path="/"
136-->[com.google.firebase:firebase-auth:21.0.1] AndroidManifest.xml:41:21-37
137                    android:scheme="recaptcha" />
137-->[com.google.firebase:firebase-auth:21.0.1] AndroidManifest.xml:42:21-48
138            </intent-filter>
139        </activity>
140
141        <service
141-->[com.google.firebase:firebase-auth:21.0.1] AndroidManifest.xml:64:9-73:19
142            android:name="com.google.firebase.auth.api.fallback.service.FirebaseAuthFallbackService"
142-->[com.google.firebase:firebase-auth:21.0.1] AndroidManifest.xml:65:13-101
143            android:enabled="true"
143-->[com.google.firebase:firebase-auth:21.0.1] AndroidManifest.xml:66:13-35
144            android:exported="false" >
144-->[com.google.firebase:firebase-auth:21.0.1] AndroidManifest.xml:67:13-37
145            <intent-filter>
145-->[com.google.firebase:firebase-auth:21.0.1] AndroidManifest.xml:68:13-72:29
146                <action android:name="com.google.firebase.auth.api.gms.service.START" />
146-->[com.google.firebase:firebase-auth:21.0.1] AndroidManifest.xml:69:17-89
146-->[com.google.firebase:firebase-auth:21.0.1] AndroidManifest.xml:69:25-86
147
148                <category android:name="android.intent.category.DEFAULT" />
148-->[com.google.firebase:firebase-auth:21.0.1] AndroidManifest.xml:36:17-76
148-->[com.google.firebase:firebase-auth:21.0.1] AndroidManifest.xml:36:27-73
149            </intent-filter>
150        </service>
151
152        <activity
152-->[com.google.android.gms:play-services-base:17.1.0] AndroidManifest.xml:23:9-26:75
153            android:name="com.google.android.gms.common.api.GoogleApiActivity"
153-->[com.google.android.gms:play-services-base:17.1.0] AndroidManifest.xml:24:13-79
154            android:exported="false"
154-->[com.google.android.gms:play-services-base:17.1.0] AndroidManifest.xml:25:13-37
155            android:theme="@android:style/Theme.Translucent.NoTitleBar" />
155-->[com.google.android.gms:play-services-base:17.1.0] AndroidManifest.xml:26:13-72
156
157        <provider
157-->[com.google.firebase:firebase-common:20.0.0] AndroidManifest.xml:26:9-31:39
158            android:name="com.google.firebase.provider.FirebaseInitProvider"
158-->[com.google.firebase:firebase-common:20.0.0] AndroidManifest.xml:27:13-77
159            android:authorities="com.android.cr_helper.firebaseinitprovider"
159-->[com.google.firebase:firebase-common:20.0.0] AndroidManifest.xml:28:13-72
160            android:directBootAware="true"
160-->[com.google.firebase:firebase-common:20.0.0] AndroidManifest.xml:29:13-43
161            android:exported="false"
161-->[com.google.firebase:firebase-common:20.0.0] AndroidManifest.xml:30:13-37
162            android:initOrder="100" />
162-->[com.google.firebase:firebase-common:20.0.0] AndroidManifest.xml:31:13-36
163
164        <meta-data
164-->[com.google.android.gms:play-services-basement:17.1.0] AndroidManifest.xml:23:9-25:69
165            android:name="com.google.android.gms.version"
165-->[com.google.android.gms:play-services-basement:17.1.0] AndroidManifest.xml:24:13-58
166            android:value="@integer/google_play_services_version" />
166-->[com.google.android.gms:play-services-basement:17.1.0] AndroidManifest.xml:25:13-66
167    </application>
168
169</manifest>